#
# There is insufficient memory for the Java Runtime Environment to continue.
# Native memory allocation (malloc) failed to allocate 1048576 bytes for AllocateHeap
# Possible reasons:
#   The system is out of physical RAM or swap space
#   The process is running with CompressedOops enabled, and the Java Heap may be blocking the growth of the native heap
# Possible solutions:
#   Reduce memory load on the system
#   Increase physical memory or swap space
#   Check if swap backing store is full
#   Decrease Java heap size (-Xmx/-Xms)
#   Decrease number of Java threads
#   Decrease Java thread stack sizes (-Xss)
#   Set larger code cache with -XX:ReservedCodeCacheSize=
#   JVM is running with Zero Based Compressed Oops mode in which the Java heap is
#     placed in the first 32GB address space. The Java Heap base address is the
#     maximum limit for the native heap growth. Please use -XX:HeapBaseMinAddress
#     to set the Java Heap base and to place the Java Heap above 32GB virtual address.
# This output file may be truncated or incomplete.
#
#  Out of Memory Error (allocation.cpp:44), pid=14668, tid=24544
#
# JRE version:  (20.0.1+9) (build )
# Java VM: Java HotSpot(TM) 64-Bit Server VM (20.0.1+9-29, mixed mode, sharing, tiered, compressed oops, compressed class ptrs, g1 gc, windows-amd64)
# No core dump will be written. Minidumps are not enabled by default on client versions of Windows
#

---------------  S U M M A R Y ------------

Command Line: -javaagent:C:\Program Files\JetBrains\IntelliJ IDEA Community Edition 2023.1.2\lib\idea_rt.jar=56388:C:\Program Files\JetBrains\IntelliJ IDEA Community Edition 2023.1.2\bin -Dfile.encoding=UTF-8 -Dsun.stdout.encoding=UTF-8 -Dsun.stderr.encoding=UTF-8 org.example.LibraryManagementSystem

Host: AMD Ryzen 5 4600H with Radeon Graphics         , 12 cores, 14G,  Windows 11 , 64 bit Build 22621 (10.0.22621.2199)
Time: Sun Sep  3 19:36:17 2023 India Standard Time elapsed time: 0.017189 seconds (0d 0h 0m 0s)

---------------  T H R E A D  ---------------

Current thread (0x000001d3e86a87e0):  JavaThread "Unknown thread" [_thread_in_vm, id=24544, stack(0x0000007742e00000,0x0000007742f00000)]

Stack: [0x0000007742e00000,0x0000007742f00000]
Native frames: (J=compiled Java code, j=interpreted, Vv=VM code, C=native code)
V  [jvm.dll+0x6bb95a]
V  [jvm.dll+0x8485fa]
V  [jvm.dll+0x84a1f5]
V  [jvm.dll+0x84a8f3]
V  [jvm.dll+0x280b0f]
V  [jvm.dll+0xbcec5]
V  [jvm.dll+0x333b65]
V  [jvm.dll+0x32c301]
V  [jvm.dll+0x8112bf]
V  [jvm.dll+0x3c0d91]
V  [jvm.dll+0x7fcfe3]
V  [jvm.dll+0x44c76f]
V  [jvm.dll+0x44e0e1]
C  [jli.dll+0x5287]
C  [ucrtbase.dll+0x29363]
C  [KERNEL32.DLL+0x1257d]
C  [ntdll.dll+0x5aa78]


---------------  P R O C E S S  ---------------

Threads class SMR info:
_java_thread_list=0x00007ff9b23aa098, length=0, elements={
}

Java Threads: ( => current thread )

Other Threads:
  0x000001d3e8713070 WorkerThread "GC Thread#0" [stack: 0x0000007742f00000,0x0000007743000000] [id=3004]

[error occurred during error reporting (printing all threads), id 0xc0000005, EXCEPTION_ACCESS_VIOLATION (0xc0000005) at pc=0x00007ff9b1b88a00]
VM state: not at safepoint (not fully initialized)

VM Mutex/Monitor currently owned by a thread:  ([mutex/lock_event])
[0x000001d3e86a4b80] Heap_lock - owner thread: 0x000001d3e86a87e0

Heap address: 0x0000000715e00000, size: 3746 MB, Compressed Oops mode: Zero based, Oop shift amount: 3

CDS archive(s) mapped at: [0x0000000000000000-0x0000000000000000-0x0000000000000000), size 0, SharedBaseAddress: 0x0000000800000000, ArchiveRelocationMode: 0.
Narrow klass base: 0x0000000000000000, Narrow klass shift: 0, Narrow klass range: 0x0

GC Precious Log:
 CardTable entry size: 512
 Card Set container configuration: InlinePtr #cards 4 size 8 Array Of Cards #cards 16 size 48 Howl #buckets 8 coarsen threshold 3686 Howl Bitmap #cards 512 size 80 coarsen threshold 460 Card regions per heap region 1 cards per card region 4096

Heap:
 garbage-first heap   total 0K, used 0K [0x0000000715e00000, 0x0000000800000000)
  region size 2048K, 0 young (0K), 0 survivors (0K)

[error occurred during error reporting (printing heap information), id 0xc0000005, EXCEPTION_ACCESS_VIOLATION (0xc0000005) at pc=0x00007ff9b1f63c59]
GC Heap History (0 events):
No events

Dll operation events (1 events):
Event: 0.012 Loaded shared library C:\Program Files\Java\jdk-20\bin\java.dll

Deoptimization events (0 events):
No events

Classes loaded (0 events):
No events

Classes unloaded (0 events):
No events

Classes redefined (0 events):
No events

Internal exceptions (0 events):
No events

VM Operations (0 events):
No events

Events (0 events):
No events


Dynamic libraries:
0x00007ff7c7fd0000 - 0x00007ff7c7fe0000 	C:\Program Files\Java\jdk-20\bin\java.exe
0x00007ff9fcb30000 - 0x00007ff9fcd46000 	C:\WINDOWS\SYSTEM32\ntdll.dll
0x00007ff9fb370000 - 0x00007ff9fb434000 	C:\WINDOWS\System32\KERNEL32.DLL
0x00007ff9fa190000 - 0x00007ff9fa535000 	C:\WINDOWS\System32\KERNELBASE.dll
0x00007ff9fa570000 - 0x00007ff9fa681000 	C:\WINDOWS\System32\ucrtbase.dll
0x00007ff9f3250000 - 0x00007ff9f3269000 	C:\Program Files\Java\jdk-20\bin\jli.dll
0x00007ff9eb910000 - 0x00007ff9eb92b000 	C:\Program Files\Java\jdk-20\bin\VCRUNTIME140.dll
0x00007ff9fb050000 - 0x00007ff9fb100000 	C:\WINDOWS\System32\ADVAPI32.dll
0x00007ff9fc570000 - 0x00007ff9fc617000 	C:\WINDOWS\System32\msvcrt.dll
0x00007ff9fc730000 - 0x00007ff9fc7d6000 	C:\WINDOWS\System32\sechost.dll
0x00007ff9fb250000 - 0x00007ff9fb367000 	C:\WINDOWS\System32\RPCRT4.dll
0x00007ff9fa8a0000 - 0x00007ff9faa4e000 	C:\WINDOWS\System32\USER32.dll
0x00007ff9fa540000 - 0x00007ff9fa566000 	C:\WINDOWS\System32\win32u.dll
0x00007ff9e2f20000 - 0x00007ff9e31b3000 	C:\WINDOWS\WinSxS\amd64_microsoft.windows.common-controls_6595b64144ccf1df_6.0.22621.2191_none_2715cffb738043a6\COMCTL32.dll
0x00007ff9fb9e0000 - 0x00007ff9fba09000 	C:\WINDOWS\System32\GDI32.dll
0x00007ff9fa780000 - 0x00007ff9fa898000 	C:\WINDOWS\System32\gdi32full.dll
0x00007ff9f9ec0000 - 0x00007ff9f9f5a000 	C:\WINDOWS\System32\msvcp_win.dll
0x00007ff9f1680000 - 0x00007ff9f168a000 	C:\WINDOWS\SYSTEM32\VERSION.dll
0x00007ff9fc430000 - 0x00007ff9fc461000 	C:\WINDOWS\System32\IMM32.DLL
0x00007ff9f4060000 - 0x00007ff9f406c000 	C:\Program Files\Java\jdk-20\bin\vcruntime140_1.dll
0x00007ff9e7120000 - 0x00007ff9e71ae000 	C:\Program Files\Java\jdk-20\bin\msvcp140.dll
0x00007ff9b1850000 - 0x00007ff9b24e7000 	C:\Program Files\Java\jdk-20\bin\server\jvm.dll
0x00007ff9de800000 - 0x00007ff9de809000 	C:\WINDOWS\SYSTEM32\WSOCK32.dll
0x00007ff9f3640000 - 0x00007ff9f3674000 	C:\WINDOWS\SYSTEM32\WINMM.dll
0x00007ff9fb4a0000 - 0x00007ff9fb511000 	C:\WINDOWS\System32\WS2_32.dll
0x00007ff9f8e60000 - 0x00007ff9f8e78000 	C:\WINDOWS\SYSTEM32\kernel.appcore.dll
0x00007ff9eb9c0000 - 0x00007ff9eb9ca000 	C:\Program Files\Java\jdk-20\bin\jimage.dll
0x00007ff9e5930000 - 0x00007ff9e5b5e000 	C:\WINDOWS\SYSTEM32\DBGHELP.DLL
0x00007ff9faa50000 - 0x00007ff9fadda000 	C:\WINDOWS\System32\combase.dll
0x00007ff9fb100000 - 0x00007ff9fb1d7000 	C:\WINDOWS\System32\OLEAUT32.dll
0x00007ff9e4900000 - 0x00007ff9e4932000 	C:\WINDOWS\SYSTEM32\dbgcore.DLL
0x00007ff9fa690000 - 0x00007ff9fa70a000 	C:\WINDOWS\System32\bcryptPrimitives.dll
0x00007ff9d43b0000 - 0x00007ff9d43be000 	C:\Program Files\Java\jdk-20\bin\instrument.dll
0x00007ff9eb8e0000 - 0x00007ff9eb906000 	C:\Program Files\Java\jdk-20\bin\java.dll

dbghelp: loaded successfully - version: 4.0.5 - missing functions: none
symbol engine: initialized successfully - sym options: 0x614 - pdb path: .;C:\Program Files\Java\jdk-20\bin;C:\WINDOWS\SYSTEM32;C:\WINDOWS\WinSxS\amd64_microsoft.windows.common-controls_6595b64144ccf1df_6.0.22621.2191_none_2715cffb738043a6;C:\Program Files\Java\jdk-20\bin\server

VM Arguments:
jvm_args: -javaagent:C:\Program Files\JetBrains\IntelliJ IDEA Community Edition 2023.1.2\lib\idea_rt.jar=56388:C:\Program Files\JetBrains\IntelliJ IDEA Community Edition 2023.1.2\bin -Dfile.encoding=UTF-8 -Dsun.stdout.encoding=UTF-8 -Dsun.stderr.encoding=UTF-8 
java_command: org.example.LibraryManagementSystem
java_class_path (initial): C:\Users\athiy\Coding Works\AP JAVA\LibraryManagementSystem\target\classes
Launcher Type: SUN_STANDARD

[Global flags]
     intx CICompilerCount                          = 4                                         {product} {ergonomic}
     uint ConcGCThreads                            = 3                                         {product} {ergonomic}
     uint G1ConcRefinementThreads                  = 10                                        {product} {ergonomic}
   size_t G1HeapRegionSize                         = 2097152                                   {product} {ergonomic}
    uintx GCDrainStackTargetSize                   = 64                                        {product} {ergonomic}
   size_t InitialHeapSize                          = 247463936                                 {product} {ergonomic}
   size_t MarkStackSize                            = 4194304                                   {product} {ergonomic}
   size_t MaxHeapSize                              = 3927965696                                {product} {ergonomic}
   size_t MinHeapDeltaBytes                        = 2097152                                   {product} {ergonomic}
   size_t MinHeapSize                              = 8388608                                   {product} {ergonomic}
    uintx NonNMethodCodeHeapSize                   = 5839372                                {pd product} {ergonomic}
    uintx NonProfiledCodeHeapSize                  = 122909434                              {pd product} {ergonomic}
    uintx ProfiledCodeHeapSize                     = 122909434                              {pd product} {ergonomic}
    uintx ReservedCodeCacheSize                    = 251658240                              {pd product} {ergonomic}
     bool SegmentedCodeCache                       = true                                      {product} {ergonomic}
   size_t SoftMaxHeapSize                          = 3927965696                             {manageable} {ergonomic}
     bool UseCompressedClassPointers               = true                           {product lp64_product} {ergonomic}
     bool UseCompressedOops                        = true                           {product lp64_product} {ergonomic}
     bool UseG1GC                                  = true                                      {product} {ergonomic}
     bool UseLargePagesIndividualAllocation        = false                                  {pd product} {ergonomic}

Logging:
Log output configuration:
 #0: stdout all=warning uptime,level,tags foldmultilines=false
 #1: stderr all=off uptime,level,tags foldmultilines=false

Environment Variables:
PATH=C:\Program Files\Common Files\Oracle\Java\javapath;C:\Program Files (x86)\Common Files\Oracle\Java\javapath;C:\Users\athiy\Downloads\jdk-8u371-windows-x64.exe\bin;C:\windows\system32;C:\windows;C:\windows\System32\Wbem;C:\windows\System32\WindowsPowerShell\v1.0\;C:\windows\System32\OpenSSH\;C:\WINDOWS\system32;C:\WINDOWS;C:\WINDOWS\System32\Wbem;C:\WINDOWS\System32\WindowsPowerShell\v1.0\;C:\WINDOWS\System32\OpenSSH\;C:\Program Files\dotnet\;C:\Program Files\Git\cmd;C:\Program Files\steghide;C:\Program Files\Java\jdk-20\bin;C:\Users\athiy\Downloads\apache-maven-3.9.4-bin\apache-maven-3.9.4;C:\Users\athiy\Downloads\apache-maven-3.9.4-bin\apache-maven-3.9.4;C:\Users\athiy\Downloads\apache-maven-3.9.4-bin\apache-maven-3.9.4\bin;C:\Users\athiy\AppData\Local\Programs\Python\Python39\Scripts\;C:\Users\athiy\AppData\Local\Programs\Python\Python39\;C:\Users\athiy\AppData\Local\Microsoft\WindowsApps;C:\MinGW\bin;C:\msys64\mingw64\bin;C:\Users\athiy\AppData\Local\Programs\Microsoft VS Code\bin
USERNAME=athiy
OS=Windows_NT
PROCESSOR_IDENTIFIER=AMD64 Family 23 Model 96 Stepping 1, AuthenticAMD
TMP=C:\Users\athiy\AppData\Local\Temp
TEMP=C:\Users\athiy\AppData\Local\Temp




---------------  S Y S T E M  ---------------

OS:
 Windows 11 , 64 bit Build 22621 (10.0.22621.2199)
OS uptime: 0 days 5:41 hours
Hyper-V role detected

CPU: total 12 (initial active 12) (12 cores per cpu, 2 threads per core) family 23 model 96 stepping 1 microcode 0x0, cx8, cmov, fxsr, ht, mmx, 3dnowpref, sse, sse2, sse3, ssse3, sse4a, sse4.1, sse4.2, popcnt, lzcnt, tsc, tscinvbit, avx, avx2, aes, clmul, bmi1, bmi2, adx, sha, fma, vzeroupper, clflush, clflushopt, hv, rdtscp, rdpid, f16c

Memory: 4k page, system-wide physical 14977M (2782M free)
TotalPageFile size 17745M (AvailPageFile size 5M)
current process WorkingSet (physical memory assigned to process): 12M, peak: 12M
current process commit charge ("private bytes"): 60M, peak: 61M

vm_info: Java HotSpot(TM) 64-Bit Server VM (20.0.1+9-29) for windows-amd64 JRE (20.0.1+9-29), built on 2023-03-07T13:56:11Z by "mach5one" with MS VC++ 17.1 (VS2022)

END.
